{"C:\\Users\\Sin\\GitRepositories\\sinyapkin-dmitry-js-21-02\\sinyapkin-dmitry-js-21-02\\attestation1\\server\\src\\logger.js": {"path":"C:\\Users\\Sin\\GitRepositories\\sinyapkin-dmitry-js-21-02\\sinyapkin-dmitry-js-21-02\\attestation1\\server\\src\\logger.js","statementMap":{"0":{"start":{"line":1,"column":16},"end":{"line":1,"column":42}},"1":{"start":{"line":3,"column":16},"end":{"line":7,"column":1}},"2":{"start":{"line":9,"column":15},"end":{"line":9,"column":77}},"3":{"start":{"line":11,"column":0},"end":{"line":16,"column":1}},"4":{"start":{"line":13,"column":23},"end":{"line":13,"column":69}},"5":{"start":{"line":14,"column":24},"end":{"line":14,"column":71}},"6":{"start":{"line":15,"column":24},"end":{"line":15,"column":71}}},"fnMap":{"0":{"name":"(anonymous_0)","decl":{"start":{"line":13,"column":10},"end":{"line":13,"column":11}},"loc":{"start":{"line":13,"column":23},"end":{"line":13,"column":69}},"line":13},"1":{"name":"(anonymous_1)","decl":{"start":{"line":14,"column":11},"end":{"line":14,"column":12}},"loc":{"start":{"line":14,"column":24},"end":{"line":14,"column":71}},"line":14},"2":{"name":"(anonymous_2)","decl":{"start":{"line":15,"column":11},"end":{"line":15,"column":12}},"loc":{"start":{"line":15,"column":24},"end":{"line":15,"column":71}},"line":15}},"branchMap":{},"s":{"0":3,"1":3,"2":3,"3":3,"4":19,"5":5,"6":0},"f":{"0":19,"1":5,"2":0},"b":{},"_coverageSchema":"1a1c01bbd47fc00a2c39e90264f33305004495a9","hash":"f4af6b75d27d052705cc472272800c06d7bb170a"}
,"C:\\Users\\Sin\\GitRepositories\\sinyapkin-dmitry-js-21-02\\sinyapkin-dmitry-js-21-02\\attestation1\\server\\src\\server.js": {"path":"C:\\Users\\Sin\\GitRepositories\\sinyapkin-dmitry-js-21-02\\sinyapkin-dmitry-js-21-02\\attestation1\\server\\src\\server.js","statementMap":{"0":{"start":{"line":1,"column":16},"end":{"line":1,"column":34}},"1":{"start":{"line":2,"column":21},"end":{"line":2,"column":54}},"2":{"start":{"line":3,"column":15},"end":{"line":3,"column":40}},"3":{"start":{"line":4,"column":15},"end":{"line":4,"column":34}},"4":{"start":{"line":5,"column":16},"end":{"line":5,"column":42}},"5":{"start":{"line":6,"column":29},"end":{"line":6,"column":44}},"6":{"start":{"line":8,"column":12},"end":{"line":8,"column":21}},"7":{"start":{"line":10,"column":0},"end":{"line":10,"column":24}},"8":{"start":{"line":11,"column":0},"end":{"line":11,"column":39}},"9":{"start":{"line":12,"column":0},"end":{"line":19,"column":2}},"10":{"start":{"line":13,"column":2},"end":{"line":13,"column":38}},"11":{"start":{"line":14,"column":2},"end":{"line":17,"column":90}},"12":{"start":{"line":18,"column":2},"end":{"line":18,"column":9}},"13":{"start":{"line":21,"column":0},"end":{"line":21,"column":21}},"14":{"start":{"line":23,"column":0},"end":{"line":28,"column":2}},"15":{"start":{"line":24,"column":2},"end":{"line":24,"column":19}},"16":{"start":{"line":25,"column":2},"end":{"line":25,"column":20}},"17":{"start":{"line":26,"column":2},"end":{"line":26,"column":39}},"18":{"start":{"line":27,"column":2},"end":{"line":27,"column":9}},"19":{"start":{"line":30,"column":0},"end":{"line":30,"column":86}},"20":{"start":{"line":30,"column":29},"end":{"line":30,"column":84}}},"fnMap":{"0":{"name":"(anonymous_0)","decl":{"start":{"line":12,"column":8},"end":{"line":12,"column":9}},"loc":{"start":{"line":12,"column":28},"end":{"line":19,"column":1}},"line":12},"1":{"name":"(anonymous_1)","decl":{"start":{"line":23,"column":8},"end":{"line":23,"column":9}},"loc":{"start":{"line":23,"column":33},"end":{"line":28,"column":1}},"line":23},"2":{"name":"(anonymous_2)","decl":{"start":{"line":30,"column":23},"end":{"line":30,"column":24}},"loc":{"start":{"line":30,"column":29},"end":{"line":30,"column":84}},"line":30}},"branchMap":{},"s":{"0":0,"1":0,"2":0,"3":0,"4":0,"5":0,"6":0,"7":0,"8":0,"9":0,"10":0,"11":0,"12":0,"13":0,"14":0,"15":0,"16":0,"17":0,"18":0,"19":0,"20":0},"f":{"0":0,"1":0,"2":0},"b":{}}
,"C:\\Users\\Sin\\GitRepositories\\sinyapkin-dmitry-js-21-02\\sinyapkin-dmitry-js-21-02\\attestation1\\server\\src\\actions\\userActions.js": {"path":"C:\\Users\\Sin\\GitRepositories\\sinyapkin-dmitry-js-21-02\\sinyapkin-dmitry-js-21-02\\attestation1\\server\\src\\actions\\userActions.js","statementMap":{"0":{"start":{"line":1,"column":12},"end":{"line":1,"column":38}},"1":{"start":{"line":2,"column":19},"end":{"line":2,"column":51}},"2":{"start":{"line":3,"column":15},"end":{"line":3,"column":35}},"3":{"start":{"line":4,"column":15},"end":{"line":4,"column":39}},"4":{"start":{"line":5,"column":34},"end":{"line":5,"column":72}},"5":{"start":{"line":9,"column":8},"end":{"line":9,"column":76}},"6":{"start":{"line":10,"column":27},"end":{"line":10,"column":66}},"7":{"start":{"line":11,"column":8},"end":{"line":21,"column":14}},"8":{"start":{"line":13,"column":16},"end":{"line":13,"column":95}},"9":{"start":{"line":14,"column":31},"end":{"line":14,"column":69}},"10":{"start":{"line":15,"column":16},"end":{"line":15,"column":92}},"11":{"start":{"line":16,"column":16},"end":{"line":16,"column":30}},"12":{"start":{"line":19,"column":16},"end":{"line":19,"column":75}},"13":{"start":{"line":20,"column":16},"end":{"line":20,"column":45}},"14":{"start":{"line":24,"column":8},"end":{"line":24,"column":83}},"15":{"start":{"line":25,"column":27},"end":{"line":25,"column":66}},"16":{"start":{"line":26,"column":8},"end":{"line":36,"column":14}},"17":{"start":{"line":28,"column":16},"end":{"line":28,"column":98}},"18":{"start":{"line":29,"column":31},"end":{"line":29,"column":69}},"19":{"start":{"line":30,"column":16},"end":{"line":30,"column":95}},"20":{"start":{"line":31,"column":16},"end":{"line":31,"column":30}},"21":{"start":{"line":34,"column":16},"end":{"line":34,"column":75}},"22":{"start":{"line":35,"column":16},"end":{"line":35,"column":45}},"23":{"start":{"line":40,"column":0},"end":{"line":40,"column":35}}},"fnMap":{"0":{"name":"(anonymous_0)","decl":{"start":{"line":8,"column":4},"end":{"line":8,"column":5}},"loc":{"start":{"line":8,"column":18},"end":{"line":22,"column":5}},"line":8},"1":{"name":"(anonymous_1)","decl":{"start":{"line":12,"column":18},"end":{"line":12,"column":19}},"loc":{"start":{"line":12,"column":30},"end":{"line":17,"column":13}},"line":12},"2":{"name":"(anonymous_2)","decl":{"start":{"line":18,"column":19},"end":{"line":18,"column":20}},"loc":{"start":{"line":18,"column":28},"end":{"line":21,"column":13}},"line":18},"3":{"name":"(anonymous_3)","decl":{"start":{"line":23,"column":4},"end":{"line":23,"column":5}},"loc":{"start":{"line":23,"column":25},"end":{"line":37,"column":5}},"line":23},"4":{"name":"(anonymous_4)","decl":{"start":{"line":27,"column":18},"end":{"line":27,"column":19}},"loc":{"start":{"line":27,"column":30},"end":{"line":32,"column":13}},"line":27},"5":{"name":"(anonymous_5)","decl":{"start":{"line":33,"column":19},"end":{"line":33,"column":20}},"loc":{"start":{"line":33,"column":28},"end":{"line":36,"column":13}},"line":33}},"branchMap":{},"s":{"0":0,"1":0,"2":0,"3":0,"4":0,"5":0,"6":0,"7":0,"8":0,"9":0,"10":0,"11":0,"12":0,"13":0,"14":0,"15":0,"16":0,"17":0,"18":0,"19":0,"20":0,"21":0,"22":0,"23":0},"f":{"0":0,"1":0,"2":0,"3":0,"4":0,"5":0},"b":{}}
,"C:\\Users\\Sin\\GitRepositories\\sinyapkin-dmitry-js-21-02\\sinyapkin-dmitry-js-21-02\\attestation1\\server\\src\\api\\dummyApi.js": {"path":"C:\\Users\\Sin\\GitRepositories\\sinyapkin-dmitry-js-21-02\\sinyapkin-dmitry-js-21-02\\attestation1\\server\\src\\api\\dummyApi.js","statementMap":{"0":{"start":{"line":1,"column":14},"end":{"line":1,"column":35}},"1":{"start":{"line":2,"column":122},"end":{"line":2,"column":154}},"2":{"start":{"line":4,"column":23},"end":{"line":12,"column":1}},"3":{"start":{"line":5,"column":4},"end":{"line":11,"column":39}},"4":{"start":{"line":11,"column":22},"end":{"line":11,"column":37}},"5":{"start":{"line":14,"column":28},"end":{"line":24,"column":1}},"6":{"start":{"line":15,"column":4},"end":{"line":23,"column":39}},"7":{"start":{"line":23,"column":22},"end":{"line":23,"column":37}},"8":{"start":{"line":26,"column":0},"end":{"line":57,"column":1}},"9":{"start":{"line":28,"column":20},"end":{"line":28,"column":66}},"10":{"start":{"line":29,"column":8},"end":{"line":29,"column":35}},"11":{"start":{"line":32,"column":20},"end":{"line":32,"column":44}},"12":{"start":{"line":33,"column":8},"end":{"line":33,"column":35}},"13":{"start":{"line":36,"column":20},"end":{"line":36,"column":45}},"14":{"start":{"line":37,"column":25},"end":{"line":37,"column":45}},"15":{"start":{"line":38,"column":8},"end":{"line":38,"column":56}},"16":{"start":{"line":41,"column":20},"end":{"line":41,"column":44}},"17":{"start":{"line":42,"column":24},"end":{"line":42,"column":44}},"18":{"start":{"line":43,"column":8},"end":{"line":43,"column":54}},"19":{"start":{"line":46,"column":20},"end":{"line":46,"column":66}},"20":{"start":{"line":47,"column":8},"end":{"line":47,"column":35}},"21":{"start":{"line":50,"column":20},"end":{"line":50,"column":77}},"22":{"start":{"line":51,"column":8},"end":{"line":51,"column":35}},"23":{"start":{"line":54,"column":20},"end":{"line":54,"column":84}},"24":{"start":{"line":55,"column":8},"end":{"line":55,"column":35}}},"fnMap":{"0":{"name":"(anonymous_0)","decl":{"start":{"line":4,"column":23},"end":{"line":4,"column":24}},"loc":{"start":{"line":4,"column":32},"end":{"line":12,"column":1}},"line":4},"1":{"name":"(anonymous_1)","decl":{"start":{"line":11,"column":10},"end":{"line":11,"column":11}},"loc":{"start":{"line":11,"column":22},"end":{"line":11,"column":37}},"line":11},"2":{"name":"(anonymous_2)","decl":{"start":{"line":14,"column":28},"end":{"line":14,"column":29}},"loc":{"start":{"line":14,"column":51},"end":{"line":24,"column":1}},"line":14},"3":{"name":"(anonymous_3)","decl":{"start":{"line":23,"column":10},"end":{"line":23,"column":11}},"loc":{"start":{"line":23,"column":22},"end":{"line":23,"column":37}},"line":23},"4":{"name":"(anonymous_4)","decl":{"start":{"line":27,"column":17},"end":{"line":27,"column":18}},"loc":{"start":{"line":27,"column":34},"end":{"line":30,"column":5}},"line":27},"5":{"name":"(anonymous_5)","decl":{"start":{"line":31,"column":13},"end":{"line":31,"column":14}},"loc":{"start":{"line":31,"column":21},"end":{"line":34,"column":5}},"line":31},"6":{"name":"(anonymous_6)","decl":{"start":{"line":35,"column":13},"end":{"line":35,"column":14}},"loc":{"start":{"line":35,"column":23},"end":{"line":39,"column":5}},"line":35},"7":{"name":"(anonymous_7)","decl":{"start":{"line":40,"column":16},"end":{"line":40,"column":17}},"loc":{"start":{"line":40,"column":30},"end":{"line":44,"column":5}},"line":40},"8":{"name":"(anonymous_8)","decl":{"start":{"line":45,"column":17},"end":{"line":45,"column":18}},"loc":{"start":{"line":45,"column":34},"end":{"line":48,"column":5}},"line":45},"9":{"name":"(anonymous_9)","decl":{"start":{"line":49,"column":23},"end":{"line":49,"column":24}},"loc":{"start":{"line":49,"column":44},"end":{"line":52,"column":5}},"line":49},"10":{"name":"(anonymous_10)","decl":{"start":{"line":53,"column":17},"end":{"line":53,"column":18}},"loc":{"start":{"line":53,"column":42},"end":{"line":56,"column":5}},"line":53}},"branchMap":{},"s":{"0":4,"1":4,"2":4,"3":15,"4":15,"5":4,"6":6,"7":6,"8":4,"9":3,"10":3,"11":3,"12":3,"13":3,"14":3,"15":3,"16":3,"17":3,"18":3,"19":3,"20":3,"21":3,"22":3,"23":3,"24":3},"f":{"0":15,"1":15,"2":6,"3":6,"4":3,"5":3,"6":3,"7":3,"8":3,"9":3,"10":3},"b":{},"_coverageSchema":"1a1c01bbd47fc00a2c39e90264f33305004495a9","hash":"81214624898e8ea36388d4e0164aa45f143cb0f4"}
,"C:\\Users\\Sin\\GitRepositories\\sinyapkin-dmitry-js-21-02\\sinyapkin-dmitry-js-21-02\\attestation1\\server\\src\\constants\\dummyApi.js": {"path":"C:\\Users\\Sin\\GitRepositories\\sinyapkin-dmitry-js-21-02\\sinyapkin-dmitry-js-21-02\\attestation1\\server\\src\\constants\\dummyApi.js","statementMap":{"0":{"start":{"line":1,"column":17},"end":{"line":1,"column":47}},"1":{"start":{"line":3,"column":0},"end":{"line":11,"column":1}}},"fnMap":{},"branchMap":{},"s":{"0":4,"1":4},"f":{},"b":{},"_coverageSchema":"1a1c01bbd47fc00a2c39e90264f33305004495a9","hash":"a195702772c9b6b91b16e31e5cfd532380704263"}
,"C:\\Users\\Sin\\GitRepositories\\sinyapkin-dmitry-js-21-02\\sinyapkin-dmitry-js-21-02\\attestation1\\server\\src\\constants\\loggerMessages.js": {"path":"C:\\Users\\Sin\\GitRepositories\\sinyapkin-dmitry-js-21-02\\sinyapkin-dmitry-js-21-02\\attestation1\\server\\src\\constants\\loggerMessages.js","statementMap":{"0":{"start":{"line":1,"column":0},"end":{"line":71,"column":1}}},"fnMap":{},"branchMap":{},"s":{"0":3},"f":{},"b":{},"_coverageSchema":"1a1c01bbd47fc00a2c39e90264f33305004495a9","hash":"cb2383e5d9c7836c4f403b6f160ae65e855abb06"}
,"C:\\Users\\Sin\\GitRepositories\\sinyapkin-dmitry-js-21-02\\sinyapkin-dmitry-js-21-02\\attestation1\\server\\src\\mappers\\commentMapper.js": {"path":"C:\\Users\\Sin\\GitRepositories\\sinyapkin-dmitry-js-21-02\\sinyapkin-dmitry-js-21-02\\attestation1\\server\\src\\mappers\\commentMapper.js","statementMap":{"0":{"start":{"line":1,"column":21},"end":{"line":1,"column":53}},"1":{"start":{"line":5,"column":8},"end":{"line":8,"column":9}},"2":{"start":{"line":7,"column":50},"end":{"line":7,"column":104}},"3":{"start":{"line":12,"column":0},"end":{"line":12,"column":37}}},"fnMap":{"0":{"name":"(anonymous_0)","decl":{"start":{"line":4,"column":4},"end":{"line":4,"column":5}},"loc":{"start":{"line":4,"column":35},"end":{"line":9,"column":5}},"line":4},"1":{"name":"(anonymous_1)","decl":{"start":{"line":7,"column":39},"end":{"line":7,"column":40}},"loc":{"start":{"line":7,"column":50},"end":{"line":7,"column":104}},"line":7}},"branchMap":{},"s":{"0":1,"1":1,"2":2,"3":1},"f":{"0":1,"1":2},"b":{},"_coverageSchema":"1a1c01bbd47fc00a2c39e90264f33305004495a9","hash":"ba177112d44c61d7eef767fb4252b2e04e5b0f1c"}
,"C:\\Users\\Sin\\GitRepositories\\sinyapkin-dmitry-js-21-02\\sinyapkin-dmitry-js-21-02\\attestation1\\server\\src\\mappers\\postMapper.js": {"path":"C:\\Users\\Sin\\GitRepositories\\sinyapkin-dmitry-js-21-02\\sinyapkin-dmitry-js-21-02\\attestation1\\server\\src\\mappers\\postMapper.js","statementMap":{"0":{"start":{"line":1,"column":18},"end":{"line":1,"column":47}},"1":{"start":{"line":5,"column":8},"end":{"line":8,"column":9}},"2":{"start":{"line":7,"column":44},"end":{"line":7,"column":89}},"3":{"start":{"line":12,"column":0},"end":{"line":12,"column":34}}},"fnMap":{"0":{"name":"(anonymous_0)","decl":{"start":{"line":4,"column":4},"end":{"line":4,"column":5}},"loc":{"start":{"line":4,"column":32},"end":{"line":9,"column":5}},"line":4},"1":{"name":"(anonymous_1)","decl":{"start":{"line":7,"column":36},"end":{"line":7,"column":37}},"loc":{"start":{"line":7,"column":44},"end":{"line":7,"column":89}},"line":7}},"branchMap":{},"s":{"0":1,"1":2,"2":4,"3":1},"f":{"0":2,"1":4},"b":{},"_coverageSchema":"1a1c01bbd47fc00a2c39e90264f33305004495a9","hash":"27dcfd5a45f45d8d40d3a90ddcfb446ea9a9e245"}
,"C:\\Users\\Sin\\GitRepositories\\sinyapkin-dmitry-js-21-02\\sinyapkin-dmitry-js-21-02\\attestation1\\server\\src\\mappers\\userMapper.js": {"path":"C:\\Users\\Sin\\GitRepositories\\sinyapkin-dmitry-js-21-02\\sinyapkin-dmitry-js-21-02\\attestation1\\server\\src\\mappers\\userMapper.js","statementMap":{"0":{"start":{"line":1,"column":18},"end":{"line":1,"column":47}},"1":{"start":{"line":5,"column":8},"end":{"line":5,"column":49}},"2":{"start":{"line":8,"column":8},"end":{"line":8,"column":54}},"3":{"start":{"line":12,"column":0},"end":{"line":12,"column":34}}},"fnMap":{"0":{"name":"(anonymous_0)","decl":{"start":{"line":4,"column":4},"end":{"line":4,"column":5}},"loc":{"start":{"line":4,"column":28},"end":{"line":6,"column":5}},"line":4},"1":{"name":"(anonymous_1)","decl":{"start":{"line":7,"column":4},"end":{"line":7,"column":5}},"loc":{"start":{"line":7,"column":33},"end":{"line":9,"column":5}},"line":7}},"branchMap":{},"s":{"0":1,"1":1,"2":0,"3":1},"f":{"0":1,"1":0},"b":{},"_coverageSchema":"1a1c01bbd47fc00a2c39e90264f33305004495a9","hash":"82d86ae35158f4887d5d11cc7fbae1408695bbe0"}
,"C:\\Users\\Sin\\GitRepositories\\sinyapkin-dmitry-js-21-02\\sinyapkin-dmitry-js-21-02\\attestation1\\server\\src\\repositories\\commentRepository.js": {"path":"C:\\Users\\Sin\\GitRepositories\\sinyapkin-dmitry-js-21-02\\sinyapkin-dmitry-js-21-02\\attestation1\\server\\src\\repositories\\commentRepository.js","statementMap":{"0":{"start":{"line":1,"column":12},"end":{"line":1,"column":38}},"1":{"start":{"line":2,"column":22},"end":{"line":2,"column":57}},"2":{"start":{"line":3,"column":15},"end":{"line":3,"column":35}},"3":{"start":{"line":4,"column":15},"end":{"line":4,"column":39}},"4":{"start":{"line":5,"column":39},"end":{"line":5,"column":77}},"5":{"start":{"line":9,"column":8},"end":{"line":9,"column":50}},"6":{"start":{"line":10,"column":8},"end":{"line":20,"column":14}},"7":{"start":{"line":12,"column":16},"end":{"line":12,"column":99}},"8":{"start":{"line":13,"column":31},"end":{"line":13,"column":72}},"9":{"start":{"line":14,"column":16},"end":{"line":14,"column":96}},"10":{"start":{"line":15,"column":16},"end":{"line":15,"column":30}},"11":{"start":{"line":18,"column":16},"end":{"line":18,"column":79}},"12":{"start":{"line":19,"column":16},"end":{"line":19,"column":38}},"13":{"start":{"line":24,"column":0},"end":{"line":24,"column":41}}},"fnMap":{"0":{"name":"(anonymous_0)","decl":{"start":{"line":8,"column":4},"end":{"line":8,"column":5}},"loc":{"start":{"line":8,"column":33},"end":{"line":21,"column":5}},"line":8},"1":{"name":"(anonymous_1)","decl":{"start":{"line":11,"column":18},"end":{"line":11,"column":19}},"loc":{"start":{"line":11,"column":30},"end":{"line":16,"column":13}},"line":11},"2":{"name":"(anonymous_2)","decl":{"start":{"line":17,"column":19},"end":{"line":17,"column":20}},"loc":{"start":{"line":17,"column":28},"end":{"line":20,"column":13}},"line":17}},"branchMap":{},"s":{"0":1,"1":1,"2":1,"3":1,"4":1,"5":2,"6":2,"7":1,"8":1,"9":1,"10":1,"11":1,"12":1,"13":1},"f":{"0":2,"1":1,"2":1},"b":{},"_coverageSchema":"1a1c01bbd47fc00a2c39e90264f33305004495a9","hash":"ab41ba24da2783e95f79123b146cbfe6bf5e095e"}
,"C:\\Users\\Sin\\GitRepositories\\sinyapkin-dmitry-js-21-02\\sinyapkin-dmitry-js-21-02\\attestation1\\server\\src\\repositories\\postRepository.js": {"path":"C:\\Users\\Sin\\GitRepositories\\sinyapkin-dmitry-js-21-02\\sinyapkin-dmitry-js-21-02\\attestation1\\server\\src\\repositories\\postRepository.js","statementMap":{"0":{"start":{"line":1,"column":12},"end":{"line":1,"column":38}},"1":{"start":{"line":2,"column":19},"end":{"line":2,"column":51}},"2":{"start":{"line":3,"column":15},"end":{"line":3,"column":35}},"3":{"start":{"line":4,"column":15},"end":{"line":4,"column":39}},"4":{"start":{"line":5,"column":36},"end":{"line":5,"column":74}},"5":{"start":{"line":9,"column":8},"end":{"line":9,"column":51}},"6":{"start":{"line":10,"column":8},"end":{"line":20,"column":14}},"7":{"start":{"line":12,"column":16},"end":{"line":12,"column":100}},"8":{"start":{"line":13,"column":31},"end":{"line":13,"column":69}},"9":{"start":{"line":14,"column":16},"end":{"line":14,"column":97}},"10":{"start":{"line":15,"column":16},"end":{"line":15,"column":30}},"11":{"start":{"line":18,"column":16},"end":{"line":18,"column":80}},"12":{"start":{"line":19,"column":16},"end":{"line":19,"column":38}},"13":{"start":{"line":23,"column":8},"end":{"line":23,"column":59}},"14":{"start":{"line":24,"column":8},"end":{"line":34,"column":14}},"15":{"start":{"line":26,"column":16},"end":{"line":26,"column":108}},"16":{"start":{"line":27,"column":31},"end":{"line":27,"column":69}},"17":{"start":{"line":28,"column":16},"end":{"line":28,"column":105}},"18":{"start":{"line":29,"column":16},"end":{"line":29,"column":30}},"19":{"start":{"line":32,"column":16},"end":{"line":32,"column":88}},"20":{"start":{"line":33,"column":16},"end":{"line":33,"column":38}},"21":{"start":{"line":38,"column":0},"end":{"line":38,"column":38}}},"fnMap":{"0":{"name":"(anonymous_0)","decl":{"start":{"line":8,"column":4},"end":{"line":8,"column":5}},"loc":{"start":{"line":8,"column":29},"end":{"line":21,"column":5}},"line":8},"1":{"name":"(anonymous_1)","decl":{"start":{"line":11,"column":18},"end":{"line":11,"column":19}},"loc":{"start":{"line":11,"column":30},"end":{"line":16,"column":13}},"line":11},"2":{"name":"(anonymous_2)","decl":{"start":{"line":17,"column":19},"end":{"line":17,"column":20}},"loc":{"start":{"line":17,"column":28},"end":{"line":20,"column":13}},"line":17},"3":{"name":"(anonymous_3)","decl":{"start":{"line":22,"column":4},"end":{"line":22,"column":5}},"loc":{"start":{"line":22,"column":39},"end":{"line":35,"column":5}},"line":22},"4":{"name":"(anonymous_4)","decl":{"start":{"line":25,"column":18},"end":{"line":25,"column":19}},"loc":{"start":{"line":25,"column":30},"end":{"line":30,"column":13}},"line":25},"5":{"name":"(anonymous_5)","decl":{"start":{"line":31,"column":19},"end":{"line":31,"column":20}},"loc":{"start":{"line":31,"column":28},"end":{"line":34,"column":13}},"line":31}},"branchMap":{},"s":{"0":1,"1":1,"2":1,"3":1,"4":1,"5":2,"6":2,"7":1,"8":1,"9":1,"10":1,"11":1,"12":1,"13":2,"14":2,"15":1,"16":1,"17":1,"18":1,"19":1,"20":1,"21":1},"f":{"0":2,"1":1,"2":1,"3":2,"4":1,"5":1},"b":{},"_coverageSchema":"1a1c01bbd47fc00a2c39e90264f33305004495a9","hash":"bfa8f54a1c3d997187187c78931fef0f5160220b"}
,"C:\\Users\\Sin\\GitRepositories\\sinyapkin-dmitry-js-21-02\\sinyapkin-dmitry-js-21-02\\attestation1\\server\\src\\repositories\\userRepository.js": {"path":"C:\\Users\\Sin\\GitRepositories\\sinyapkin-dmitry-js-21-02\\sinyapkin-dmitry-js-21-02\\attestation1\\server\\src\\repositories\\userRepository.js","statementMap":{"0":{"start":{"line":1,"column":12},"end":{"line":1,"column":38}},"1":{"start":{"line":2,"column":15},"end":{"line":2,"column":35}},"2":{"start":{"line":3,"column":15},"end":{"line":3,"column":39}},"3":{"start":{"line":4,"column":19},"end":{"line":4,"column":51}},"4":{"start":{"line":5,"column":37},"end":{"line":5,"column":75}},"5":{"start":{"line":9,"column":8},"end":{"line":9,"column":51}},"6":{"start":{"line":10,"column":8},"end":{"line":18,"column":14}},"7":{"start":{"line":12,"column":16},"end":{"line":12,"column":99}},"8":{"start":{"line":13,"column":16},"end":{"line":13,"column":32}},"9":{"start":{"line":16,"column":16},"end":{"line":16,"column":80}},"10":{"start":{"line":17,"column":16},"end":{"line":17,"column":38}},"11":{"start":{"line":21,"column":8},"end":{"line":21,"column":46}},"12":{"start":{"line":22,"column":8},"end":{"line":32,"column":14}},"13":{"start":{"line":24,"column":16},"end":{"line":24,"column":95}},"14":{"start":{"line":25,"column":31},"end":{"line":25,"column":69}},"15":{"start":{"line":26,"column":16},"end":{"line":26,"column":92}},"16":{"start":{"line":27,"column":16},"end":{"line":27,"column":30}},"17":{"start":{"line":30,"column":16},"end":{"line":30,"column":75}},"18":{"start":{"line":31,"column":16},"end":{"line":31,"column":38}},"19":{"start":{"line":36,"column":0},"end":{"line":36,"column":38}}},"fnMap":{"0":{"name":"(anonymous_0)","decl":{"start":{"line":8,"column":4},"end":{"line":8,"column":5}},"loc":{"start":{"line":8,"column":29},"end":{"line":19,"column":5}},"line":8},"1":{"name":"(anonymous_1)","decl":{"start":{"line":11,"column":18},"end":{"line":11,"column":19}},"loc":{"start":{"line":11,"column":30},"end":{"line":14,"column":13}},"line":11},"2":{"name":"(anonymous_2)","decl":{"start":{"line":15,"column":19},"end":{"line":15,"column":20}},"loc":{"start":{"line":15,"column":28},"end":{"line":18,"column":13}},"line":15},"3":{"name":"(anonymous_3)","decl":{"start":{"line":20,"column":4},"end":{"line":20,"column":5}},"loc":{"start":{"line":20,"column":16},"end":{"line":33,"column":5}},"line":20},"4":{"name":"(anonymous_4)","decl":{"start":{"line":23,"column":18},"end":{"line":23,"column":19}},"loc":{"start":{"line":23,"column":30},"end":{"line":28,"column":13}},"line":23},"5":{"name":"(anonymous_5)","decl":{"start":{"line":29,"column":19},"end":{"line":29,"column":20}},"loc":{"start":{"line":29,"column":28},"end":{"line":32,"column":13}},"line":29}},"branchMap":{},"s":{"0":1,"1":1,"2":1,"3":1,"4":1,"5":2,"6":2,"7":1,"8":1,"9":1,"10":1,"11":2,"12":2,"13":1,"14":1,"15":1,"16":1,"17":1,"18":1,"19":1},"f":{"0":2,"1":1,"2":1,"3":2,"4":1,"5":1},"b":{},"_coverageSchema":"1a1c01bbd47fc00a2c39e90264f33305004495a9","hash":"15219672b47ecaf03bf2a2b725ba16ae63c8271d"}
,"C:\\Users\\Sin\\GitRepositories\\sinyapkin-dmitry-js-21-02\\sinyapkin-dmitry-js-21-02\\attestation1\\server\\src\\routes\\commentRouter.js": {"path":"C:\\Users\\Sin\\GitRepositories\\sinyapkin-dmitry-js-21-02\\sinyapkin-dmitry-js-21-02\\attestation1\\server\\src\\routes\\commentRouter.js","statementMap":{"0":{"start":{"line":1,"column":15},"end":{"line":1,"column":42}},"1":{"start":{"line":2,"column":23},"end":{"line":2,"column":60}},"2":{"start":{"line":4,"column":0},"end":{"line":4,"column":51}},"3":{"start":{"line":6,"column":0},"end":{"line":6,"column":24}}},"fnMap":{},"branchMap":{},"s":{"0":0,"1":0,"2":0,"3":0},"f":{},"b":{}}
,"C:\\Users\\Sin\\GitRepositories\\sinyapkin-dmitry-js-21-02\\sinyapkin-dmitry-js-21-02\\attestation1\\server\\src\\routes\\index.js": {"path":"C:\\Users\\Sin\\GitRepositories\\sinyapkin-dmitry-js-21-02\\sinyapkin-dmitry-js-21-02\\attestation1\\server\\src\\routes\\index.js","statementMap":{"0":{"start":{"line":1,"column":15},"end":{"line":1,"column":42}},"1":{"start":{"line":2,"column":19},"end":{"line":2,"column":42}},"2":{"start":{"line":3,"column":19},"end":{"line":3,"column":42}},"3":{"start":{"line":4,"column":22},"end":{"line":4,"column":48}},"4":{"start":{"line":6,"column":0},"end":{"line":6,"column":32}},"5":{"start":{"line":7,"column":0},"end":{"line":7,"column":32}},"6":{"start":{"line":8,"column":0},"end":{"line":8,"column":37}},"7":{"start":{"line":11,"column":0},"end":{"line":11,"column":24}}},"fnMap":{},"branchMap":{},"s":{"0":0,"1":0,"2":0,"3":0,"4":0,"5":0,"6":0,"7":0},"f":{},"b":{}}
,"C:\\Users\\Sin\\GitRepositories\\sinyapkin-dmitry-js-21-02\\sinyapkin-dmitry-js-21-02\\attestation1\\server\\src\\routes\\postRouter.js": {"path":"C:\\Users\\Sin\\GitRepositories\\sinyapkin-dmitry-js-21-02\\sinyapkin-dmitry-js-21-02\\attestation1\\server\\src\\routes\\postRouter.js","statementMap":{"0":{"start":{"line":1,"column":15},"end":{"line":1,"column":42}},"1":{"start":{"line":2,"column":20},"end":{"line":2,"column":54}},"2":{"start":{"line":4,"column":0},"end":{"line":4,"column":40}},"3":{"start":{"line":5,"column":0},"end":{"line":5,"column":54}},"4":{"start":{"line":7,"column":0},"end":{"line":7,"column":24}}},"fnMap":{},"branchMap":{},"s":{"0":0,"1":0,"2":0,"3":0,"4":0},"f":{},"b":{}}
,"C:\\Users\\Sin\\GitRepositories\\sinyapkin-dmitry-js-21-02\\sinyapkin-dmitry-js-21-02\\attestation1\\server\\src\\routes\\userRouter.js": {"path":"C:\\Users\\Sin\\GitRepositories\\sinyapkin-dmitry-js-21-02\\sinyapkin-dmitry-js-21-02\\attestation1\\server\\src\\routes\\userRouter.js","statementMap":{"0":{"start":{"line":1,"column":15},"end":{"line":1,"column":42}},"1":{"start":{"line":2,"column":20},"end":{"line":2,"column":54}},"2":{"start":{"line":4,"column":0},"end":{"line":4,"column":40}},"3":{"start":{"line":5,"column":0},"end":{"line":5,"column":40}},"4":{"start":{"line":6,"column":0},"end":{"line":6,"column":44}},"5":{"start":{"line":7,"column":0},"end":{"line":7,"column":43}},"6":{"start":{"line":9,"column":0},"end":{"line":9,"column":24}}},"fnMap":{},"branchMap":{},"s":{"0":0,"1":0,"2":0,"3":0,"4":0,"5":0,"6":0},"f":{},"b":{}}
,"C:\\Users\\Sin\\GitRepositories\\sinyapkin-dmitry-js-21-02\\sinyapkin-dmitry-js-21-02\\attestation1\\server\\src\\services\\commentService.js": {"path":"C:\\Users\\Sin\\GitRepositories\\sinyapkin-dmitry-js-21-02\\sinyapkin-dmitry-js-21-02\\attestation1\\server\\src\\services\\commentService.js","statementMap":{"0":{"start":{"line":1,"column":26},"end":{"line":1,"column":70}},"1":{"start":{"line":2,"column":15},"end":{"line":2,"column":35}},"2":{"start":{"line":3,"column":15},"end":{"line":3,"column":39}},"3":{"start":{"line":4,"column":36},"end":{"line":4,"column":74}},"4":{"start":{"line":8,"column":8},"end":{"line":8,"column":110}},"5":{"start":{"line":9,"column":8},"end":{"line":18,"column":14}},"6":{"start":{"line":11,"column":31},"end":{"line":11,"column":55}},"7":{"start":{"line":12,"column":16},"end":{"line":12,"column":75}},"8":{"start":{"line":13,"column":16},"end":{"line":13,"column":45}},"9":{"start":{"line":16,"column":16},"end":{"line":16,"column":73}},"10":{"start":{"line":17,"column":16},"end":{"line":17,"column":44}},"11":{"start":{"line":22,"column":0},"end":{"line":22,"column":38}}},"fnMap":{"0":{"name":"(anonymous_0)","decl":{"start":{"line":7,"column":4},"end":{"line":7,"column":5}},"loc":{"start":{"line":7,"column":26},"end":{"line":19,"column":5}},"line":7},"1":{"name":"(anonymous_1)","decl":{"start":{"line":10,"column":18},"end":{"line":10,"column":19}},"loc":{"start":{"line":10,"column":30},"end":{"line":14,"column":13}},"line":10},"2":{"name":"(anonymous_2)","decl":{"start":{"line":15,"column":19},"end":{"line":15,"column":20}},"loc":{"start":{"line":15,"column":28},"end":{"line":18,"column":13}},"line":15}},"branchMap":{},"s":{"0":0,"1":0,"2":0,"3":0,"4":0,"5":0,"6":0,"7":0,"8":0,"9":0,"10":0,"11":0},"f":{"0":0,"1":0,"2":0},"b":{}}
,"C:\\Users\\Sin\\GitRepositories\\sinyapkin-dmitry-js-21-02\\sinyapkin-dmitry-js-21-02\\attestation1\\server\\src\\services\\postService.js": {"path":"C:\\Users\\Sin\\GitRepositories\\sinyapkin-dmitry-js-21-02\\sinyapkin-dmitry-js-21-02\\attestation1\\server\\src\\services\\postService.js","statementMap":{"0":{"start":{"line":1,"column":23},"end":{"line":1,"column":64}},"1":{"start":{"line":2,"column":15},"end":{"line":2,"column":35}},"2":{"start":{"line":3,"column":15},"end":{"line":3,"column":39}},"3":{"start":{"line":4,"column":33},"end":{"line":4,"column":71}},"4":{"start":{"line":8,"column":8},"end":{"line":8,"column":92}},"5":{"start":{"line":9,"column":8},"end":{"line":18,"column":14}},"6":{"start":{"line":11,"column":31},"end":{"line":11,"column":55}},"7":{"start":{"line":12,"column":16},"end":{"line":12,"column":76}},"8":{"start":{"line":13,"column":16},"end":{"line":13,"column":45}},"9":{"start":{"line":16,"column":16},"end":{"line":16,"column":74}},"10":{"start":{"line":17,"column":16},"end":{"line":17,"column":44}},"11":{"start":{"line":21,"column":8},"end":{"line":21,"column":119}},"12":{"start":{"line":22,"column":8},"end":{"line":31,"column":14}},"13":{"start":{"line":24,"column":31},"end":{"line":24,"column":55}},"14":{"start":{"line":25,"column":16},"end":{"line":25,"column":84}},"15":{"start":{"line":26,"column":16},"end":{"line":26,"column":45}},"16":{"start":{"line":29,"column":16},"end":{"line":29,"column":82}},"17":{"start":{"line":30,"column":16},"end":{"line":30,"column":44}},"18":{"start":{"line":35,"column":0},"end":{"line":35,"column":35}}},"fnMap":{"0":{"name":"(anonymous_0)","decl":{"start":{"line":7,"column":4},"end":{"line":7,"column":5}},"loc":{"start":{"line":7,"column":26},"end":{"line":19,"column":5}},"line":7},"1":{"name":"(anonymous_1)","decl":{"start":{"line":10,"column":18},"end":{"line":10,"column":19}},"loc":{"start":{"line":10,"column":30},"end":{"line":14,"column":13}},"line":10},"2":{"name":"(anonymous_2)","decl":{"start":{"line":15,"column":19},"end":{"line":15,"column":20}},"loc":{"start":{"line":15,"column":28},"end":{"line":18,"column":13}},"line":15},"3":{"name":"(anonymous_3)","decl":{"start":{"line":20,"column":4},"end":{"line":20,"column":5}},"loc":{"start":{"line":20,"column":32},"end":{"line":32,"column":5}},"line":20},"4":{"name":"(anonymous_4)","decl":{"start":{"line":23,"column":18},"end":{"line":23,"column":19}},"loc":{"start":{"line":23,"column":30},"end":{"line":27,"column":13}},"line":23},"5":{"name":"(anonymous_5)","decl":{"start":{"line":28,"column":19},"end":{"line":28,"column":20}},"loc":{"start":{"line":28,"column":28},"end":{"line":31,"column":13}},"line":28}},"branchMap":{},"s":{"0":0,"1":0,"2":0,"3":0,"4":0,"5":0,"6":0,"7":0,"8":0,"9":0,"10":0,"11":0,"12":0,"13":0,"14":0,"15":0,"16":0,"17":0,"18":0},"f":{"0":0,"1":0,"2":0,"3":0,"4":0,"5":0},"b":{}}
,"C:\\Users\\Sin\\GitRepositories\\sinyapkin-dmitry-js-21-02\\sinyapkin-dmitry-js-21-02\\attestation1\\server\\src\\services\\userService.js": {"path":"C:\\Users\\Sin\\GitRepositories\\sinyapkin-dmitry-js-21-02\\sinyapkin-dmitry-js-21-02\\attestation1\\server\\src\\services\\userService.js","statementMap":{"0":{"start":{"line":1,"column":23},"end":{"line":1,"column":64}},"1":{"start":{"line":2,"column":20},"end":{"line":2,"column":53}},"2":{"start":{"line":3,"column":15},"end":{"line":3,"column":35}},"3":{"start":{"line":4,"column":15},"end":{"line":4,"column":39}},"4":{"start":{"line":5,"column":33},"end":{"line":5,"column":71}},"5":{"start":{"line":9,"column":8},"end":{"line":9,"column":92}},"6":{"start":{"line":10,"column":8},"end":{"line":19,"column":14}},"7":{"start":{"line":12,"column":31},"end":{"line":12,"column":55}},"8":{"start":{"line":13,"column":16},"end":{"line":13,"column":81}},"9":{"start":{"line":14,"column":16},"end":{"line":14,"column":45}},"10":{"start":{"line":17,"column":16},"end":{"line":17,"column":79}},"11":{"start":{"line":18,"column":16},"end":{"line":18,"column":44}},"12":{"start":{"line":22,"column":8},"end":{"line":22,"column":69}},"13":{"start":{"line":23,"column":8},"end":{"line":32,"column":14}},"14":{"start":{"line":25,"column":31},"end":{"line":25,"column":55}},"15":{"start":{"line":26,"column":16},"end":{"line":26,"column":76}},"16":{"start":{"line":27,"column":16},"end":{"line":27,"column":45}},"17":{"start":{"line":30,"column":16},"end":{"line":30,"column":74}},"18":{"start":{"line":31,"column":16},"end":{"line":31,"column":44}},"19":{"start":{"line":35,"column":8},"end":{"line":35,"column":80}},"20":{"start":{"line":36,"column":8},"end":{"line":45,"column":14}},"21":{"start":{"line":38,"column":31},"end":{"line":38,"column":55}},"22":{"start":{"line":39,"column":16},"end":{"line":39,"column":76}},"23":{"start":{"line":40,"column":16},"end":{"line":40,"column":45}},"24":{"start":{"line":43,"column":16},"end":{"line":43,"column":74}},"25":{"start":{"line":44,"column":16},"end":{"line":44,"column":44}},"26":{"start":{"line":48,"column":8},"end":{"line":48,"column":98}},"27":{"start":{"line":49,"column":8},"end":{"line":58,"column":14}},"28":{"start":{"line":51,"column":31},"end":{"line":51,"column":55}},"29":{"start":{"line":52,"column":16},"end":{"line":52,"column":79}},"30":{"start":{"line":53,"column":16},"end":{"line":53,"column":45}},"31":{"start":{"line":56,"column":16},"end":{"line":56,"column":77}},"32":{"start":{"line":57,"column":16},"end":{"line":57,"column":44}},"33":{"start":{"line":62,"column":0},"end":{"line":62,"column":33}}},"fnMap":{"0":{"name":"(anonymous_0)","decl":{"start":{"line":8,"column":4},"end":{"line":8,"column":5}},"loc":{"start":{"line":8,"column":26},"end":{"line":20,"column":5}},"line":8},"1":{"name":"(anonymous_1)","decl":{"start":{"line":11,"column":18},"end":{"line":11,"column":19}},"loc":{"start":{"line":11,"column":30},"end":{"line":15,"column":13}},"line":11},"2":{"name":"(anonymous_2)","decl":{"start":{"line":16,"column":19},"end":{"line":16,"column":20}},"loc":{"start":{"line":16,"column":28},"end":{"line":19,"column":13}},"line":16},"3":{"name":"(anonymous_3)","decl":{"start":{"line":21,"column":4},"end":{"line":21,"column":5}},"loc":{"start":{"line":21,"column":22},"end":{"line":33,"column":5}},"line":21},"4":{"name":"(anonymous_4)","decl":{"start":{"line":24,"column":18},"end":{"line":24,"column":19}},"loc":{"start":{"line":24,"column":30},"end":{"line":28,"column":13}},"line":24},"5":{"name":"(anonymous_5)","decl":{"start":{"line":29,"column":19},"end":{"line":29,"column":20}},"loc":{"start":{"line":29,"column":28},"end":{"line":32,"column":13}},"line":29},"6":{"name":"(anonymous_6)","decl":{"start":{"line":34,"column":4},"end":{"line":34,"column":5}},"loc":{"start":{"line":34,"column":22},"end":{"line":46,"column":5}},"line":34},"7":{"name":"(anonymous_7)","decl":{"start":{"line":37,"column":18},"end":{"line":37,"column":19}},"loc":{"start":{"line":37,"column":30},"end":{"line":41,"column":13}},"line":37},"8":{"name":"(anonymous_8)","decl":{"start":{"line":42,"column":19},"end":{"line":42,"column":20}},"loc":{"start":{"line":42,"column":28},"end":{"line":45,"column":13}},"line":42},"9":{"name":"(anonymous_9)","decl":{"start":{"line":47,"column":4},"end":{"line":47,"column":5}},"loc":{"start":{"line":47,"column":25},"end":{"line":59,"column":5}},"line":47},"10":{"name":"(anonymous_10)","decl":{"start":{"line":50,"column":18},"end":{"line":50,"column":19}},"loc":{"start":{"line":50,"column":30},"end":{"line":54,"column":13}},"line":50},"11":{"name":"(anonymous_11)","decl":{"start":{"line":55,"column":19},"end":{"line":55,"column":20}},"loc":{"start":{"line":55,"column":28},"end":{"line":58,"column":13}},"line":55}},"branchMap":{},"s":{"0":0,"1":0,"2":0,"3":0,"4":0,"5":0,"6":0,"7":0,"8":0,"9":0,"10":0,"11":0,"12":0,"13":0,"14":0,"15":0,"16":0,"17":0,"18":0,"19":0,"20":0,"21":0,"22":0,"23":0,"24":0,"25":0,"26":0,"27":0,"28":0,"29":0,"30":0,"31":0,"32":0,"33":0},"f":{"0":0,"1":0,"2":0,"3":0,"4":0,"5":0,"6":0,"7":0,"8":0,"9":0,"10":0,"11":0},"b":{}}
,"C:\\Users\\Sin\\GitRepositories\\sinyapkin-dmitry-js-21-02\\sinyapkin-dmitry-js-21-02\\attestation1\\server\\src\\utils\\commentUtils.js": {"path":"C:\\Users\\Sin\\GitRepositories\\sinyapkin-dmitry-js-21-02\\sinyapkin-dmitry-js-21-02\\attestation1\\server\\src\\utils\\commentUtils.js","statementMap":{"0":{"start":{"line":1,"column":14},"end":{"line":1,"column":45}},"1":{"start":{"line":5,"column":8},"end":{"line":8,"column":9}},"2":{"start":{"line":12,"column":0},"end":{"line":12,"column":36}}},"fnMap":{"0":{"name":"(anonymous_0)","decl":{"start":{"line":4,"column":4},"end":{"line":4,"column":5}},"loc":{"start":{"line":4,"column":46},"end":{"line":9,"column":5}},"line":4}},"branchMap":{},"s":{"0":1,"1":2,"2":1},"f":{"0":2},"b":{},"_coverageSchema":"1a1c01bbd47fc00a2c39e90264f33305004495a9","hash":"4dd3868dcba274ac363875d562932b2f60f43fed"}
,"C:\\Users\\Sin\\GitRepositories\\sinyapkin-dmitry-js-21-02\\sinyapkin-dmitry-js-21-02\\attestation1\\server\\src\\utils\\commonUtils.js": {"path":"C:\\Users\\Sin\\GitRepositories\\sinyapkin-dmitry-js-21-02\\sinyapkin-dmitry-js-21-02\\attestation1\\server\\src\\utils\\commonUtils.js","statementMap":{"0":{"start":{"line":1,"column":15},"end":{"line":1,"column":32}},"1":{"start":{"line":5,"column":8},"end":{"line":5,"column":55}},"2":{"start":{"line":8,"column":8},"end":{"line":8,"column":62}},"3":{"start":{"line":12,"column":0},"end":{"line":12,"column":35}}},"fnMap":{"0":{"name":"(anonymous_0)","decl":{"start":{"line":4,"column":4},"end":{"line":4,"column":5}},"loc":{"start":{"line":4,"column":33},"end":{"line":6,"column":5}},"line":4},"1":{"name":"(anonymous_1)","decl":{"start":{"line":7,"column":4},"end":{"line":7,"column":5}},"loc":{"start":{"line":7,"column":32},"end":{"line":9,"column":5}},"line":7}},"branchMap":{},"s":{"0":3,"1":9,"2":0,"3":3},"f":{"0":9,"1":0},"b":{},"_coverageSchema":"1a1c01bbd47fc00a2c39e90264f33305004495a9","hash":"7cc15397931c3f07dcc34d96350d807b2bb02e7d"}
,"C:\\Users\\Sin\\GitRepositories\\sinyapkin-dmitry-js-21-02\\sinyapkin-dmitry-js-21-02\\attestation1\\server\\src\\utils\\postUtils.js": {"path":"C:\\Users\\Sin\\GitRepositories\\sinyapkin-dmitry-js-21-02\\sinyapkin-dmitry-js-21-02\\attestation1\\server\\src\\utils\\postUtils.js","statementMap":{"0":{"start":{"line":1,"column":14},"end":{"line":1,"column":45}},"1":{"start":{"line":5,"column":8},"end":{"line":8,"column":9}},"2":{"start":{"line":12,"column":0},"end":{"line":12,"column":33}}},"fnMap":{"0":{"name":"(anonymous_0)","decl":{"start":{"line":4,"column":4},"end":{"line":4,"column":5}},"loc":{"start":{"line":4,"column":40},"end":{"line":9,"column":5}},"line":4}},"branchMap":{},"s":{"0":1,"1":4,"2":1},"f":{"0":4},"b":{},"_coverageSchema":"1a1c01bbd47fc00a2c39e90264f33305004495a9","hash":"6e53cd32459e0473ed6527fe8145ea44c7932edd"}
,"C:\\Users\\Sin\\GitRepositories\\sinyapkin-dmitry-js-21-02\\sinyapkin-dmitry-js-21-02\\attestation1\\server\\src\\utils\\userUtils.js": {"path":"C:\\Users\\Sin\\GitRepositories\\sinyapkin-dmitry-js-21-02\\sinyapkin-dmitry-js-21-02\\attestation1\\server\\src\\utils\\userUtils.js","statementMap":{"0":{"start":{"line":1,"column":14},"end":{"line":1,"column":38}},"1":{"start":{"line":5,"column":8},"end":{"line":10,"column":9}},"2":{"start":{"line":13,"column":8},"end":{"line":16,"column":9}},"3":{"start":{"line":20,"column":0},"end":{"line":20,"column":33}}},"fnMap":{"0":{"name":"(anonymous_0)","decl":{"start":{"line":4,"column":4},"end":{"line":4,"column":5}},"loc":{"start":{"line":4,"column":28},"end":{"line":11,"column":5}},"line":4},"1":{"name":"(anonymous_1)","decl":{"start":{"line":12,"column":4},"end":{"line":12,"column":5}},"loc":{"start":{"line":12,"column":33},"end":{"line":17,"column":5}},"line":12}},"branchMap":{},"s":{"0":1,"1":1,"2":0,"3":1},"f":{"0":1,"1":0},"b":{},"_coverageSchema":"1a1c01bbd47fc00a2c39e90264f33305004495a9","hash":"66cd80b45582142a7114fa7d32efa6aa648ce489"}
}
