TN:
SF:src\logger.js
FN:13,(anonymous_0)
FN:14,(anonymous_1)
FN:15,(anonymous_2)
FNF:3
FNH:2
FNDA:27,(anonymous_0)
FNDA:7,(anonymous_1)
FNDA:0,(anonymous_2)
DA:1,4
DA:3,4
DA:9,4
DA:11,4
DA:13,27
DA:14,7
DA:15,0
LF:7
LH:6
BRF:0
BRH:0
end_of_record
TN:
SF:src\server.js
FN:12,(anonymous_0)
FN:23,(anonymous_1)
FN:30,(anonymous_2)
FNF:3
FNH:0
FNDA:0,(anonymous_0)
FNDA:0,(anonymous_1)
FNDA:0,(anonymous_2)
DA:1,0
DA:2,0
DA:3,0
DA:4,0
DA:5,0
DA:6,0
DA:8,0
DA:10,0
DA:11,0
DA:12,0
DA:13,0
DA:14,0
DA:18,0
DA:21,0
DA:23,0
DA:24,0
DA:25,0
DA:26,0
DA:27,0
DA:30,0
LF:20
LH:0
BRF:0
BRH:0
end_of_record
TN:
SF:src\actions\userActions.js
FN:8,(anonymous_0)
FN:12,(anonymous_1)
FN:18,(anonymous_2)
FN:23,(anonymous_3)
FN:27,(anonymous_4)
FN:33,(anonymous_5)
FNF:6
FNH:6
FNDA:2,(anonymous_0)
FNDA:1,(anonymous_1)
FNDA:1,(anonymous_2)
FNDA:2,(anonymous_3)
FNDA:1,(anonymous_4)
FNDA:1,(anonymous_5)
DA:1,1
DA:2,1
DA:3,1
DA:4,1
DA:5,1
DA:9,2
DA:10,2
DA:11,2
DA:13,1
DA:14,1
DA:15,1
DA:16,1
DA:19,1
DA:20,1
DA:24,2
DA:25,2
DA:26,2
DA:28,1
DA:29,1
DA:30,1
DA:31,1
DA:34,1
DA:35,1
DA:40,1
LF:24
LH:24
BRF:0
BRH:0
end_of_record
TN:
SF:src\api\dummyApi.js
FN:4,(anonymous_0)
FN:11,(anonymous_1)
FN:14,(anonymous_2)
FN:23,(anonymous_3)
FN:27,(anonymous_4)
FN:31,(anonymous_5)
FN:35,(anonymous_6)
FN:40,(anonymous_7)
FN:45,(anonymous_8)
FN:49,(anonymous_9)
FN:53,(anonymous_10)
FNF:11
FNH:11
FNDA:15,(anonymous_0)
FNDA:15,(anonymous_1)
FNDA:6,(anonymous_2)
FNDA:6,(anonymous_3)
FNDA:3,(anonymous_4)
FNDA:3,(anonymous_5)
FNDA:3,(anonymous_6)
FNDA:3,(anonymous_7)
FNDA:3,(anonymous_8)
FNDA:3,(anonymous_9)
FNDA:3,(anonymous_10)
DA:1,5
DA:2,5
DA:4,5
DA:5,15
DA:11,15
DA:14,5
DA:15,6
DA:23,6
DA:26,5
DA:28,3
DA:29,3
DA:32,3
DA:33,3
DA:36,3
DA:37,3
DA:38,3
DA:41,3
DA:42,3
DA:43,3
DA:46,3
DA:47,3
DA:50,3
DA:51,3
DA:54,3
DA:55,3
LF:25
LH:25
BRF:0
BRH:0
end_of_record
TN:
SF:src\constants\dummyApi.js
FNF:0
FNH:0
DA:1,5
DA:3,5
LF:2
LH:2
BRF:0
BRH:0
end_of_record
TN:
SF:src\constants\loggerMessages.js
FNF:0
FNH:0
DA:1,4
LF:1
LH:1
BRF:0
BRH:0
end_of_record
TN:
SF:src\mappers\commentMapper.js
FN:4,(anonymous_0)
FN:7,(anonymous_1)
FNF:2
FNH:2
FNDA:1,(anonymous_0)
FNDA:2,(anonymous_1)
DA:1,1
DA:5,1
DA:7,2
DA:12,1
LF:4
LH:4
BRF:0
BRH:0
end_of_record
TN:
SF:src\mappers\postMapper.js
FN:4,(anonymous_0)
FN:7,(anonymous_1)
FNF:2
FNH:2
FNDA:2,(anonymous_0)
FNDA:4,(anonymous_1)
DA:1,1
DA:5,2
DA:7,4
DA:12,1
LF:4
LH:4
BRF:0
BRH:0
end_of_record
TN:
SF:src\mappers\userMapper.js
FN:4,(anonymous_0)
FN:7,(anonymous_1)
FNF:2
FNH:2
FNDA:3,(anonymous_0)
FNDA:4,(anonymous_1)
DA:1,2
DA:5,3
DA:8,4
DA:12,2
LF:4
LH:4
BRF:0
BRH:0
end_of_record
TN:
SF:src\repositories\commentRepository.js
FN:8,(anonymous_0)
FN:11,(anonymous_1)
FN:17,(anonymous_2)
FNF:3
FNH:3
FNDA:2,(anonymous_0)
FNDA:1,(anonymous_1)
FNDA:1,(anonymous_2)
DA:1,1
DA:2,1
DA:3,1
DA:4,1
DA:5,1
DA:9,2
DA:10,2
DA:12,1
DA:13,1
DA:14,1
DA:15,1
DA:18,1
DA:19,1
DA:24,1
LF:14
LH:14
BRF:0
BRH:0
end_of_record
TN:
SF:src\repositories\postRepository.js
FN:8,(anonymous_0)
FN:11,(anonymous_1)
FN:17,(anonymous_2)
FN:22,(anonymous_3)
FN:25,(anonymous_4)
FN:31,(anonymous_5)
FNF:6
FNH:6
FNDA:2,(anonymous_0)
FNDA:1,(anonymous_1)
FNDA:1,(anonymous_2)
FNDA:2,(anonymous_3)
FNDA:1,(anonymous_4)
FNDA:1,(anonymous_5)
DA:1,1
DA:2,1
DA:3,1
DA:4,1
DA:5,1
DA:9,2
DA:10,2
DA:12,1
DA:13,1
DA:14,1
DA:15,1
DA:18,1
DA:19,1
DA:23,2
DA:24,2
DA:26,1
DA:27,1
DA:28,1
DA:29,1
DA:32,1
DA:33,1
DA:38,1
LF:22
LH:22
BRF:0
BRH:0
end_of_record
TN:
SF:src\repositories\userRepository.js
FN:8,(anonymous_0)
FN:11,(anonymous_1)
FN:15,(anonymous_2)
FN:20,(anonymous_3)
FN:23,(anonymous_4)
FN:29,(anonymous_5)
FNF:6
FNH:6
FNDA:2,(anonymous_0)
FNDA:1,(anonymous_1)
FNDA:1,(anonymous_2)
FNDA:2,(anonymous_3)
FNDA:1,(anonymous_4)
FNDA:1,(anonymous_5)
DA:1,1
DA:2,1
DA:3,1
DA:4,1
DA:5,1
DA:9,2
DA:10,2
DA:12,1
DA:13,1
DA:16,1
DA:17,1
DA:21,2
DA:22,2
DA:24,1
DA:25,1
DA:26,1
DA:27,1
DA:30,1
DA:31,1
DA:36,1
LF:20
LH:20
BRF:0
BRH:0
end_of_record
TN:
SF:src\routes\commentRouter.js
FNF:0
FNH:0
DA:1,0
DA:2,0
DA:4,0
DA:6,0
LF:4
LH:0
BRF:0
BRH:0
end_of_record
TN:
SF:src\routes\index.js
FNF:0
FNH:0
DA:1,0
DA:2,0
DA:3,0
DA:4,0
DA:6,0
DA:7,0
DA:8,0
DA:11,0
LF:8
LH:0
BRF:0
BRH:0
end_of_record
TN:
SF:src\routes\postRouter.js
FNF:0
FNH:0
DA:1,0
DA:2,0
DA:4,0
DA:5,0
DA:7,0
LF:5
LH:0
BRF:0
BRH:0
end_of_record
TN:
SF:src\routes\userRouter.js
FNF:0
FNH:0
DA:1,0
DA:2,0
DA:4,0
DA:5,0
DA:6,0
DA:7,0
DA:9,0
LF:7
LH:0
BRF:0
BRH:0
end_of_record
TN:
SF:src\services\commentService.js
FN:7,(anonymous_0)
FN:10,(anonymous_1)
FN:15,(anonymous_2)
FNF:3
FNH:0
FNDA:0,(anonymous_0)
FNDA:0,(anonymous_1)
FNDA:0,(anonymous_2)
DA:1,0
DA:2,0
DA:3,0
DA:4,0
DA:8,0
DA:9,0
DA:11,0
DA:12,0
DA:13,0
DA:16,0
DA:17,0
DA:22,0
LF:12
LH:0
BRF:0
BRH:0
end_of_record
TN:
SF:src\services\postService.js
FN:7,(anonymous_0)
FN:10,(anonymous_1)
FN:15,(anonymous_2)
FN:20,(anonymous_3)
FN:23,(anonymous_4)
FN:28,(anonymous_5)
FNF:6
FNH:0
FNDA:0,(anonymous_0)
FNDA:0,(anonymous_1)
FNDA:0,(anonymous_2)
FNDA:0,(anonymous_3)
FNDA:0,(anonymous_4)
FNDA:0,(anonymous_5)
DA:1,0
DA:2,0
DA:3,0
DA:4,0
DA:8,0
DA:9,0
DA:11,0
DA:12,0
DA:13,0
DA:16,0
DA:17,0
DA:21,0
DA:22,0
DA:24,0
DA:25,0
DA:26,0
DA:29,0
DA:30,0
DA:35,0
LF:19
LH:0
BRF:0
BRH:0
end_of_record
TN:
SF:src\services\userService.js
FN:8,(anonymous_0)
FN:11,(anonymous_1)
FN:16,(anonymous_2)
FN:21,(anonymous_3)
FN:24,(anonymous_4)
FN:29,(anonymous_5)
FN:34,(anonymous_6)
FN:37,(anonymous_7)
FN:42,(anonymous_8)
FN:47,(anonymous_9)
FN:50,(anonymous_10)
FN:55,(anonymous_11)
FNF:12
FNH:0
FNDA:0,(anonymous_0)
FNDA:0,(anonymous_1)
FNDA:0,(anonymous_2)
FNDA:0,(anonymous_3)
FNDA:0,(anonymous_4)
FNDA:0,(anonymous_5)
FNDA:0,(anonymous_6)
FNDA:0,(anonymous_7)
FNDA:0,(anonymous_8)
FNDA:0,(anonymous_9)
FNDA:0,(anonymous_10)
FNDA:0,(anonymous_11)
DA:1,0
DA:2,0
DA:3,0
DA:4,0
DA:5,0
DA:9,0
DA:10,0
DA:12,0
DA:13,0
DA:14,0
DA:17,0
DA:18,0
DA:22,0
DA:23,0
DA:25,0
DA:26,0
DA:27,0
DA:30,0
DA:31,0
DA:35,0
DA:36,0
DA:38,0
DA:39,0
DA:40,0
DA:43,0
DA:44,0
DA:48,0
DA:49,0
DA:51,0
DA:52,0
DA:53,0
DA:56,0
DA:57,0
DA:62,0
LF:34
LH:0
BRF:0
BRH:0
end_of_record
TN:
SF:src\utils\commentUtils.js
FN:4,(anonymous_0)
FNF:1
FNH:1
FNDA:2,(anonymous_0)
DA:1,1
DA:5,2
DA:12,1
LF:3
LH:3
BRF:0
BRH:0
end_of_record
TN:
SF:src\utils\commonUtils.js
FN:4,(anonymous_0)
FN:7,(anonymous_1)
FNF:2
FNH:2
FNDA:15,(anonymous_0)
FNDA:4,(anonymous_1)
DA:1,4
DA:5,15
DA:8,4
DA:12,4
LF:4
LH:4
BRF:0
BRH:0
end_of_record
TN:
SF:src\utils\postUtils.js
FN:4,(anonymous_0)
FNF:1
FNH:1
FNDA:4,(anonymous_0)
DA:1,1
DA:5,4
DA:12,1
LF:3
LH:3
BRF:0
BRH:0
end_of_record
TN:
SF:src\utils\userUtils.js
FN:4,(anonymous_0)
FN:12,(anonymous_1)
FNF:2
FNH:2
FNDA:3,(anonymous_0)
FNDA:4,(anonymous_1)
DA:1,2
DA:5,3
DA:13,4
DA:20,2
LF:4
LH:4
BRF:0
BRH:0
end_of_record
